<?xml version="1.0" encoding="UTF-8"?>
<testsuite xmlns:xsi="http://www.w3.org/2001/XMLSchema-instance" xsi:noNamespaceSchemaLocation="https://maven.apache.org/surefire/maven-surefire-plugin/xsd/surefire-test-report.xsd" version="3.0.2" name="pe.edu.vallegrande.workshop.WorkshopApplicationTests" time="5.273" tests="1" errors="0" skipped="0" failures="0">
  <properties>
    <property name="java.specification.version" value="17"/>
    <property name="sun.jnu.encoding" value="UTF-8"/>
    <property name="java.class.path" value="/workspace/Jenkis/target/test-classes:/workspace/Jenkis/target/classes:/workspace/m2-repository/org/springframework/boot/spring-boot-starter-data-r2dbc/3.4.4/spring-boot-starter-data-r2dbc-3.4.4.jar:/workspace/m2-repository/org/springframework/boot/spring-boot-starter/3.4.4/spring-boot-starter-3.4.4.jar:/workspace/m2-repository/org/springframework/boot/spring-boot/3.4.4/spring-boot-3.4.4.jar:/workspace/m2-repository/org/springframework/boot/spring-boot-autoconfigure/3.4.4/spring-boot-autoconfigure-3.4.4.jar:/workspace/m2-repository/org/springframework/boot/spring-boot-starter-logging/3.4.4/spring-boot-starter-logging-3.4.4.jar:/workspace/m2-repository/ch/qos/logback/logback-classic/1.5.18/logback-classic-1.5.18.jar:/workspace/m2-repository/ch/qos/logback/logback-core/1.5.18/logback-core-1.5.18.jar:/workspace/m2-repository/org/apache/logging/log4j/log4j-to-slf4j/2.24.3/log4j-to-slf4j-2.24.3.jar:/workspace/m2-repository/org/apache/logging/log4j/log4j-api/2.24.3/log4j-api-2.24.3.jar:/workspace/m2-repository/org/slf4j/jul-to-slf4j/2.0.17/jul-to-slf4j-2.0.17.jar:/workspace/m2-repository/jakarta/annotation/jakarta.annotation-api/2.1.1/jakarta.annotation-api-2.1.1.jar:/workspace/m2-repository/org/yaml/snakeyaml/2.3/snakeyaml-2.3.jar:/workspace/m2-repository/org/springframework/data/spring-data-r2dbc/3.4.4/spring-data-r2dbc-3.4.4.jar:/workspace/m2-repository/org/springframework/data/spring-data-relational/3.4.4/spring-data-relational-3.4.4.jar:/workspace/m2-repository/org/springframework/data/spring-data-commons/3.4.4/spring-data-commons-3.4.4.jar:/workspace/m2-repository/org/springframework/spring-beans/6.2.5/spring-beans-6.2.5.jar:/workspace/m2-repository/org/springframework/spring-jdbc/6.2.5/spring-jdbc-6.2.5.jar:/workspace/m2-repository/org/springframework/spring-r2dbc/6.2.5/spring-r2dbc-6.2.5.jar:/workspace/m2-repository/org/slf4j/slf4j-api/2.0.17/slf4j-api-2.0.17.jar:/workspace/m2-repository/io/r2dbc/r2dbc-spi/1.0.0.RELEASE/r2dbc-spi-1.0.0.RELEASE.jar:/workspace/m2-repository/org/reactivestreams/reactive-streams/1.0.4/reactive-streams-1.0.4.jar:/workspace/m2-repository/io/r2dbc/r2dbc-pool/1.0.2.RELEASE/r2dbc-pool-1.0.2.RELEASE.jar:/workspace/m2-repository/io/projectreactor/addons/reactor-pool/1.1.2/reactor-pool-1.1.2.jar:/workspace/m2-repository/org/springframework/boot/spring-boot-starter-webflux/3.4.4/spring-boot-starter-webflux-3.4.4.jar:/workspace/m2-repository/org/springframework/boot/spring-boot-starter-json/3.4.4/spring-boot-starter-json-3.4.4.jar:/workspace/m2-repository/com/fasterxml/jackson/datatype/jackson-datatype-jdk8/2.18.3/jackson-datatype-jdk8-2.18.3.jar:/workspace/m2-repository/com/fasterxml/jackson/datatype/jackson-datatype-jsr310/2.18.3/jackson-datatype-jsr310-2.18.3.jar:/workspace/m2-repository/com/fasterxml/jackson/module/jackson-module-parameter-names/2.18.3/jackson-module-parameter-names-2.18.3.jar:/workspace/m2-repository/org/springframework/boot/spring-boot-starter-reactor-netty/3.4.4/spring-boot-starter-reactor-netty-3.4.4.jar:/workspace/m2-repository/io/projectreactor/netty/reactor-netty-http/1.2.4/reactor-netty-http-1.2.4.jar:/workspace/m2-repository/io/netty/netty-codec-http/4.1.119.Final/netty-codec-http-4.1.119.Final.jar:/workspace/m2-repository/io/netty/netty-codec-http2/4.1.119.Final/netty-codec-http2-4.1.119.Final.jar:/workspace/m2-repository/org/springframework/spring-web/6.2.5/spring-web-6.2.5.jar:/workspace/m2-repository/org/springframework/spring-webflux/6.2.5/spring-webflux-6.2.5.jar:/workspace/m2-repository/org/springframework/kafka/spring-kafka/3.3.4/spring-kafka-3.3.4.jar:/workspace/m2-repository/org/springframework/spring-context/6.2.5/spring-context-6.2.5.jar:/workspace/m2-repository/org/springframework/spring-expression/6.2.5/spring-expression-6.2.5.jar:/workspace/m2-repository/org/springframework/spring-messaging/6.2.5/spring-messaging-6.2.5.jar:/workspace/m2-repository/org/springframework/spring-tx/6.2.5/spring-tx-6.2.5.jar:/workspace/m2-repository/org/springframework/retry/spring-retry/2.0.11/spring-retry-2.0.11.jar:/workspace/m2-repository/org/apache/kafka/kafka-clients/3.8.1/kafka-clients-3.8.1.jar:/workspace/m2-repository/com/github/luben/zstd-jni/1.5.6-4/zstd-jni-1.5.6-4.jar:/workspace/m2-repository/org/lz4/lz4-java/1.8.0/lz4-java-1.8.0.jar:/workspace/m2-repository/org/xerial/snappy/snappy-java/1.1.10.5/snappy-java-1.1.10.5.jar:/workspace/m2-repository/io/micrometer/micrometer-observation/1.14.5/micrometer-observation-1.14.5.jar:/workspace/m2-repository/io/micrometer/micrometer-commons/1.14.5/micrometer-commons-1.14.5.jar:/workspace/m2-repository/org/postgresql/postgresql/42.7.5/postgresql-42.7.5.jar:/workspace/m2-repository/org/checkerframework/checker-qual/3.48.3/checker-qual-3.48.3.jar:/workspace/m2-repository/org/postgresql/r2dbc-postgresql/1.0.7.RELEASE/r2dbc-postgresql-1.0.7.RELEASE.jar:/workspace/m2-repository/com/ongres/scram/client/2.1/client-2.1.jar:/workspace/m2-repository/com/ongres/scram/common/2.1/common-2.1.jar:/workspace/m2-repository/com/ongres/stringprep/saslprep/1.1/saslprep-1.1.jar:/workspace/m2-repository/com/ongres/stringprep/stringprep/1.1/stringprep-1.1.jar:/workspace/m2-repository/io/projectreactor/reactor-core/3.7.4/reactor-core-3.7.4.jar:/workspace/m2-repository/io/projectreactor/netty/reactor-netty-core/1.2.4/reactor-netty-core-1.2.4.jar:/workspace/m2-repository/io/netty/netty-handler/4.1.119.Final/netty-handler-4.1.119.Final.jar:/workspace/m2-repository/io/netty/netty-common/4.1.119.Final/netty-common-4.1.119.Final.jar:/workspace/m2-repository/io/netty/netty-resolver/4.1.119.Final/netty-resolver-4.1.119.Final.jar:/workspace/m2-repository/io/netty/netty-buffer/4.1.119.Final/netty-buffer-4.1.119.Final.jar:/workspace/m2-repository/io/netty/netty-transport/4.1.119.Final/netty-transport-4.1.119.Final.jar:/workspace/m2-repository/io/netty/netty-transport-native-unix-common/4.1.119.Final/netty-transport-native-unix-common-4.1.119.Final.jar:/workspace/m2-repository/io/netty/netty-codec/4.1.119.Final/netty-codec-4.1.119.Final.jar:/workspace/m2-repository/io/netty/netty-handler-proxy/4.1.119.Final/netty-handler-proxy-4.1.119.Final.jar:/workspace/m2-repository/io/netty/netty-codec-socks/4.1.119.Final/netty-codec-socks-4.1.119.Final.jar:/workspace/m2-repository/io/netty/netty-resolver-dns/4.1.119.Final/netty-resolver-dns-4.1.119.Final.jar:/workspace/m2-repository/io/netty/netty-codec-dns/4.1.119.Final/netty-codec-dns-4.1.119.Final.jar:/workspace/m2-repository/io/netty/netty-resolver-dns-native-macos/4.1.119.Final/netty-resolver-dns-native-macos-4.1.119.Final-osx-x86_64.jar:/workspace/m2-repository/io/netty/netty-resolver-dns-classes-macos/4.1.119.Final/netty-resolver-dns-classes-macos-4.1.119.Final.jar:/workspace/m2-repository/io/netty/netty-transport-native-epoll/4.1.119.Final/netty-transport-native-epoll-4.1.119.Final-linux-x86_64.jar:/workspace/m2-repository/io/netty/netty-transport-classes-epoll/4.1.119.Final/netty-transport-classes-epoll-4.1.119.Final.jar:/workspace/m2-repository/org/projectlombok/lombok/1.18.36/lombok-1.18.36.jar:/workspace/m2-repository/org/springframework/boot/spring-boot-starter-test/3.4.4/spring-boot-starter-test-3.4.4.jar:/workspace/m2-repository/org/springframework/boot/spring-boot-test/3.4.4/spring-boot-test-3.4.4.jar:/workspace/m2-repository/org/springframework/boot/spring-boot-test-autoconfigure/3.4.4/spring-boot-test-autoconfigure-3.4.4.jar:/workspace/m2-repository/com/jayway/jsonpath/json-path/2.9.0/json-path-2.9.0.jar:/workspace/m2-repository/jakarta/xml/bind/jakarta.xml.bind-api/4.0.2/jakarta.xml.bind-api-4.0.2.jar:/workspace/m2-repository/jakarta/activation/jakarta.activation-api/2.1.3/jakarta.activation-api-2.1.3.jar:/workspace/m2-repository/net/minidev/json-smart/2.5.2/json-smart-2.5.2.jar:/workspace/m2-repository/net/minidev/accessors-smart/2.5.2/accessors-smart-2.5.2.jar:/workspace/m2-repository/org/ow2/asm/asm/9.7.1/asm-9.7.1.jar:/workspace/m2-repository/org/assertj/assertj-core/3.26.3/assertj-core-3.26.3.jar:/workspace/m2-repository/org/awaitility/awaitility/4.2.2/awaitility-4.2.2.jar:/workspace/m2-repository/org/hamcrest/hamcrest/2.2/hamcrest-2.2.jar:/workspace/m2-repository/org/skyscreamer/jsonassert/1.5.3/jsonassert-1.5.3.jar:/workspace/m2-repository/com/vaadin/external/google/android-json/0.0.20131108.vaadin1/android-json-0.0.20131108.vaadin1.jar:/workspace/m2-repository/org/springframework/spring-core/6.2.5/spring-core-6.2.5.jar:/workspace/m2-repository/org/springframework/spring-jcl/6.2.5/spring-jcl-6.2.5.jar:/workspace/m2-repository/org/springframework/spring-test/6.2.5/spring-test-6.2.5.jar:/workspace/m2-repository/org/xmlunit/xmlunit-core/2.10.0/xmlunit-core-2.10.0.jar:/workspace/m2-repository/io/projectreactor/reactor-test/3.7.4/reactor-test-3.7.4.jar:/workspace/m2-repository/org/junit/jupiter/junit-jupiter/5.10.0/junit-jupiter-5.10.0.jar:/workspace/m2-repository/org/junit/jupiter/junit-jupiter-api/5.11.4/junit-jupiter-api-5.11.4.jar:/workspace/m2-repository/org/opentest4j/opentest4j/1.3.0/opentest4j-1.3.0.jar:/workspace/m2-repository/org/junit/platform/junit-platform-commons/1.11.4/junit-platform-commons-1.11.4.jar:/workspace/m2-repository/org/apiguardian/apiguardian-api/1.1.2/apiguardian-api-1.1.2.jar:/workspace/m2-repository/org/junit/jupiter/junit-jupiter-params/5.11.4/junit-jupiter-params-5.11.4.jar:/workspace/m2-repository/org/junit/jupiter/junit-jupiter-engine/5.11.4/junit-jupiter-engine-5.11.4.jar:/workspace/m2-repository/org/junit/platform/junit-platform-engine/1.11.4/junit-platform-engine-1.11.4.jar:/workspace/m2-repository/org/mockito/mockito-core/5.14.2/mockito-core-5.14.2.jar:/workspace/m2-repository/net/bytebuddy/byte-buddy/1.15.11/byte-buddy-1.15.11.jar:/workspace/m2-repository/net/bytebuddy/byte-buddy-agent/1.15.11/byte-buddy-agent-1.15.11.jar:/workspace/m2-repository/org/objenesis/objenesis/3.3/objenesis-3.3.jar:/workspace/m2-repository/org/mockito/mockito-junit-jupiter/5.14.2/mockito-junit-jupiter-5.14.2.jar:/workspace/m2-repository/com/fasterxml/jackson/core/jackson-databind/2.18.3/jackson-databind-2.18.3.jar:/workspace/m2-repository/com/fasterxml/jackson/core/jackson-annotations/2.18.3/jackson-annotations-2.18.3.jar:/workspace/m2-repository/com/fasterxml/jackson/core/jackson-core/2.18.3/jackson-core-2.18.3.jar:/workspace/m2-repository/org/springframework/boot/spring-boot-starter-security/3.4.4/spring-boot-starter-security-3.4.4.jar:/workspace/m2-repository/org/springframework/spring-aop/6.2.5/spring-aop-6.2.5.jar:/workspace/m2-repository/org/springframework/security/spring-security-config/6.4.4/spring-security-config-6.4.4.jar:/workspace/m2-repository/org/springframework/security/spring-security-web/6.4.4/spring-security-web-6.4.4.jar:/workspace/m2-repository/org/springframework/security/spring-security-oauth2-resource-server/6.4.4/spring-security-oauth2-resource-server-6.4.4.jar:/workspace/m2-repository/org/springframework/security/spring-security-core/6.4.4/spring-security-core-6.4.4.jar:/workspace/m2-repository/org/springframework/security/spring-security-crypto/6.4.4/spring-security-crypto-6.4.4.jar:/workspace/m2-repository/org/springframework/security/spring-security-oauth2-core/6.4.4/spring-security-oauth2-core-6.4.4.jar:/workspace/m2-repository/org/springframework/security/spring-security-oauth2-jose/6.4.4/spring-security-oauth2-jose-6.4.4.jar:/workspace/m2-repository/com/nimbusds/nimbus-jose-jwt/9.37.3/nimbus-jose-jwt-9.37.3.jar:/workspace/m2-repository/com/github/stephenc/jcip/jcip-annotations/1.0-1/jcip-annotations-1.0-1.jar:/workspace/m2-repository/io/github/cdimascio/dotenv-java/3.0.0/dotenv-java-3.0.0.jar:"/>
    <property name="java.vm.vendor" value="Eclipse Adoptium"/>
    <property name="sun.arch.data.model" value="64"/>
    <property name="java.vendor.url" value="https://adoptium.net/"/>
    <property name="user.timezone" value="Etc/UTC"/>
    <property name="os.name" value="Linux"/>
    <property name="java.vm.specification.version" value="17"/>
    <property name="sun.java.launcher" value="SUN_STANDARD"/>
    <property name="user.country" value="US"/>
    <property name="sun.boot.library.path" value="/home/gitpod/.sdkman/candidates/java/17.0.9-tem/lib"/>
    <property name="sun.java.command" value="/workspace/Jenkis/target/surefire/surefirebooter-20250529202235606_3.jar /workspace/Jenkis/target/surefire 2025-05-29T20-22-35_490-jvmRun1 surefire-20250529202235606_1tmp surefire_0-20250529202235606_2tmp"/>
    <property name="jdk.debug" value="release"/>
    <property name="surefire.test.class.path" value="/workspace/Jenkis/target/test-classes:/workspace/Jenkis/target/classes:/workspace/m2-repository/org/springframework/boot/spring-boot-starter-data-r2dbc/3.4.4/spring-boot-starter-data-r2dbc-3.4.4.jar:/workspace/m2-repository/org/springframework/boot/spring-boot-starter/3.4.4/spring-boot-starter-3.4.4.jar:/workspace/m2-repository/org/springframework/boot/spring-boot/3.4.4/spring-boot-3.4.4.jar:/workspace/m2-repository/org/springframework/boot/spring-boot-autoconfigure/3.4.4/spring-boot-autoconfigure-3.4.4.jar:/workspace/m2-repository/org/springframework/boot/spring-boot-starter-logging/3.4.4/spring-boot-starter-logging-3.4.4.jar:/workspace/m2-repository/ch/qos/logback/logback-classic/1.5.18/logback-classic-1.5.18.jar:/workspace/m2-repository/ch/qos/logback/logback-core/1.5.18/logback-core-1.5.18.jar:/workspace/m2-repository/org/apache/logging/log4j/log4j-to-slf4j/2.24.3/log4j-to-slf4j-2.24.3.jar:/workspace/m2-repository/org/apache/logging/log4j/log4j-api/2.24.3/log4j-api-2.24.3.jar:/workspace/m2-repository/org/slf4j/jul-to-slf4j/2.0.17/jul-to-slf4j-2.0.17.jar:/workspace/m2-repository/jakarta/annotation/jakarta.annotation-api/2.1.1/jakarta.annotation-api-2.1.1.jar:/workspace/m2-repository/org/yaml/snakeyaml/2.3/snakeyaml-2.3.jar:/workspace/m2-repository/org/springframework/data/spring-data-r2dbc/3.4.4/spring-data-r2dbc-3.4.4.jar:/workspace/m2-repository/org/springframework/data/spring-data-relational/3.4.4/spring-data-relational-3.4.4.jar:/workspace/m2-repository/org/springframework/data/spring-data-commons/3.4.4/spring-data-commons-3.4.4.jar:/workspace/m2-repository/org/springframework/spring-beans/6.2.5/spring-beans-6.2.5.jar:/workspace/m2-repository/org/springframework/spring-jdbc/6.2.5/spring-jdbc-6.2.5.jar:/workspace/m2-repository/org/springframework/spring-r2dbc/6.2.5/spring-r2dbc-6.2.5.jar:/workspace/m2-repository/org/slf4j/slf4j-api/2.0.17/slf4j-api-2.0.17.jar:/workspace/m2-repository/io/r2dbc/r2dbc-spi/1.0.0.RELEASE/r2dbc-spi-1.0.0.RELEASE.jar:/workspace/m2-repository/org/reactivestreams/reactive-streams/1.0.4/reactive-streams-1.0.4.jar:/workspace/m2-repository/io/r2dbc/r2dbc-pool/1.0.2.RELEASE/r2dbc-pool-1.0.2.RELEASE.jar:/workspace/m2-repository/io/projectreactor/addons/reactor-pool/1.1.2/reactor-pool-1.1.2.jar:/workspace/m2-repository/org/springframework/boot/spring-boot-starter-webflux/3.4.4/spring-boot-starter-webflux-3.4.4.jar:/workspace/m2-repository/org/springframework/boot/spring-boot-starter-json/3.4.4/spring-boot-starter-json-3.4.4.jar:/workspace/m2-repository/com/fasterxml/jackson/datatype/jackson-datatype-jdk8/2.18.3/jackson-datatype-jdk8-2.18.3.jar:/workspace/m2-repository/com/fasterxml/jackson/datatype/jackson-datatype-jsr310/2.18.3/jackson-datatype-jsr310-2.18.3.jar:/workspace/m2-repository/com/fasterxml/jackson/module/jackson-module-parameter-names/2.18.3/jackson-module-parameter-names-2.18.3.jar:/workspace/m2-repository/org/springframework/boot/spring-boot-starter-reactor-netty/3.4.4/spring-boot-starter-reactor-netty-3.4.4.jar:/workspace/m2-repository/io/projectreactor/netty/reactor-netty-http/1.2.4/reactor-netty-http-1.2.4.jar:/workspace/m2-repository/io/netty/netty-codec-http/4.1.119.Final/netty-codec-http-4.1.119.Final.jar:/workspace/m2-repository/io/netty/netty-codec-http2/4.1.119.Final/netty-codec-http2-4.1.119.Final.jar:/workspace/m2-repository/org/springframework/spring-web/6.2.5/spring-web-6.2.5.jar:/workspace/m2-repository/org/springframework/spring-webflux/6.2.5/spring-webflux-6.2.5.jar:/workspace/m2-repository/org/springframework/kafka/spring-kafka/3.3.4/spring-kafka-3.3.4.jar:/workspace/m2-repository/org/springframework/spring-context/6.2.5/spring-context-6.2.5.jar:/workspace/m2-repository/org/springframework/spring-expression/6.2.5/spring-expression-6.2.5.jar:/workspace/m2-repository/org/springframework/spring-messaging/6.2.5/spring-messaging-6.2.5.jar:/workspace/m2-repository/org/springframework/spring-tx/6.2.5/spring-tx-6.2.5.jar:/workspace/m2-repository/org/springframework/retry/spring-retry/2.0.11/spring-retry-2.0.11.jar:/workspace/m2-repository/org/apache/kafka/kafka-clients/3.8.1/kafka-clients-3.8.1.jar:/workspace/m2-repository/com/github/luben/zstd-jni/1.5.6-4/zstd-jni-1.5.6-4.jar:/workspace/m2-repository/org/lz4/lz4-java/1.8.0/lz4-java-1.8.0.jar:/workspace/m2-repository/org/xerial/snappy/snappy-java/1.1.10.5/snappy-java-1.1.10.5.jar:/workspace/m2-repository/io/micrometer/micrometer-observation/1.14.5/micrometer-observation-1.14.5.jar:/workspace/m2-repository/io/micrometer/micrometer-commons/1.14.5/micrometer-commons-1.14.5.jar:/workspace/m2-repository/org/postgresql/postgresql/42.7.5/postgresql-42.7.5.jar:/workspace/m2-repository/org/checkerframework/checker-qual/3.48.3/checker-qual-3.48.3.jar:/workspace/m2-repository/org/postgresql/r2dbc-postgresql/1.0.7.RELEASE/r2dbc-postgresql-1.0.7.RELEASE.jar:/workspace/m2-repository/com/ongres/scram/client/2.1/client-2.1.jar:/workspace/m2-repository/com/ongres/scram/common/2.1/common-2.1.jar:/workspace/m2-repository/com/ongres/stringprep/saslprep/1.1/saslprep-1.1.jar:/workspace/m2-repository/com/ongres/stringprep/stringprep/1.1/stringprep-1.1.jar:/workspace/m2-repository/io/projectreactor/reactor-core/3.7.4/reactor-core-3.7.4.jar:/workspace/m2-repository/io/projectreactor/netty/reactor-netty-core/1.2.4/reactor-netty-core-1.2.4.jar:/workspace/m2-repository/io/netty/netty-handler/4.1.119.Final/netty-handler-4.1.119.Final.jar:/workspace/m2-repository/io/netty/netty-common/4.1.119.Final/netty-common-4.1.119.Final.jar:/workspace/m2-repository/io/netty/netty-resolver/4.1.119.Final/netty-resolver-4.1.119.Final.jar:/workspace/m2-repository/io/netty/netty-buffer/4.1.119.Final/netty-buffer-4.1.119.Final.jar:/workspace/m2-repository/io/netty/netty-transport/4.1.119.Final/netty-transport-4.1.119.Final.jar:/workspace/m2-repository/io/netty/netty-transport-native-unix-common/4.1.119.Final/netty-transport-native-unix-common-4.1.119.Final.jar:/workspace/m2-repository/io/netty/netty-codec/4.1.119.Final/netty-codec-4.1.119.Final.jar:/workspace/m2-repository/io/netty/netty-handler-proxy/4.1.119.Final/netty-handler-proxy-4.1.119.Final.jar:/workspace/m2-repository/io/netty/netty-codec-socks/4.1.119.Final/netty-codec-socks-4.1.119.Final.jar:/workspace/m2-repository/io/netty/netty-resolver-dns/4.1.119.Final/netty-resolver-dns-4.1.119.Final.jar:/workspace/m2-repository/io/netty/netty-codec-dns/4.1.119.Final/netty-codec-dns-4.1.119.Final.jar:/workspace/m2-repository/io/netty/netty-resolver-dns-native-macos/4.1.119.Final/netty-resolver-dns-native-macos-4.1.119.Final-osx-x86_64.jar:/workspace/m2-repository/io/netty/netty-resolver-dns-classes-macos/4.1.119.Final/netty-resolver-dns-classes-macos-4.1.119.Final.jar:/workspace/m2-repository/io/netty/netty-transport-native-epoll/4.1.119.Final/netty-transport-native-epoll-4.1.119.Final-linux-x86_64.jar:/workspace/m2-repository/io/netty/netty-transport-classes-epoll/4.1.119.Final/netty-transport-classes-epoll-4.1.119.Final.jar:/workspace/m2-repository/org/projectlombok/lombok/1.18.36/lombok-1.18.36.jar:/workspace/m2-repository/org/springframework/boot/spring-boot-starter-test/3.4.4/spring-boot-starter-test-3.4.4.jar:/workspace/m2-repository/org/springframework/boot/spring-boot-test/3.4.4/spring-boot-test-3.4.4.jar:/workspace/m2-repository/org/springframework/boot/spring-boot-test-autoconfigure/3.4.4/spring-boot-test-autoconfigure-3.4.4.jar:/workspace/m2-repository/com/jayway/jsonpath/json-path/2.9.0/json-path-2.9.0.jar:/workspace/m2-repository/jakarta/xml/bind/jakarta.xml.bind-api/4.0.2/jakarta.xml.bind-api-4.0.2.jar:/workspace/m2-repository/jakarta/activation/jakarta.activation-api/2.1.3/jakarta.activation-api-2.1.3.jar:/workspace/m2-repository/net/minidev/json-smart/2.5.2/json-smart-2.5.2.jar:/workspace/m2-repository/net/minidev/accessors-smart/2.5.2/accessors-smart-2.5.2.jar:/workspace/m2-repository/org/ow2/asm/asm/9.7.1/asm-9.7.1.jar:/workspace/m2-repository/org/assertj/assertj-core/3.26.3/assertj-core-3.26.3.jar:/workspace/m2-repository/org/awaitility/awaitility/4.2.2/awaitility-4.2.2.jar:/workspace/m2-repository/org/hamcrest/hamcrest/2.2/hamcrest-2.2.jar:/workspace/m2-repository/org/skyscreamer/jsonassert/1.5.3/jsonassert-1.5.3.jar:/workspace/m2-repository/com/vaadin/external/google/android-json/0.0.20131108.vaadin1/android-json-0.0.20131108.vaadin1.jar:/workspace/m2-repository/org/springframework/spring-core/6.2.5/spring-core-6.2.5.jar:/workspace/m2-repository/org/springframework/spring-jcl/6.2.5/spring-jcl-6.2.5.jar:/workspace/m2-repository/org/springframework/spring-test/6.2.5/spring-test-6.2.5.jar:/workspace/m2-repository/org/xmlunit/xmlunit-core/2.10.0/xmlunit-core-2.10.0.jar:/workspace/m2-repository/io/projectreactor/reactor-test/3.7.4/reactor-test-3.7.4.jar:/workspace/m2-repository/org/junit/jupiter/junit-jupiter/5.10.0/junit-jupiter-5.10.0.jar:/workspace/m2-repository/org/junit/jupiter/junit-jupiter-api/5.11.4/junit-jupiter-api-5.11.4.jar:/workspace/m2-repository/org/opentest4j/opentest4j/1.3.0/opentest4j-1.3.0.jar:/workspace/m2-repository/org/junit/platform/junit-platform-commons/1.11.4/junit-platform-commons-1.11.4.jar:/workspace/m2-repository/org/apiguardian/apiguardian-api/1.1.2/apiguardian-api-1.1.2.jar:/workspace/m2-repository/org/junit/jupiter/junit-jupiter-params/5.11.4/junit-jupiter-params-5.11.4.jar:/workspace/m2-repository/org/junit/jupiter/junit-jupiter-engine/5.11.4/junit-jupiter-engine-5.11.4.jar:/workspace/m2-repository/org/junit/platform/junit-platform-engine/1.11.4/junit-platform-engine-1.11.4.jar:/workspace/m2-repository/org/mockito/mockito-core/5.14.2/mockito-core-5.14.2.jar:/workspace/m2-repository/net/bytebuddy/byte-buddy/1.15.11/byte-buddy-1.15.11.jar:/workspace/m2-repository/net/bytebuddy/byte-buddy-agent/1.15.11/byte-buddy-agent-1.15.11.jar:/workspace/m2-repository/org/objenesis/objenesis/3.3/objenesis-3.3.jar:/workspace/m2-repository/org/mockito/mockito-junit-jupiter/5.14.2/mockito-junit-jupiter-5.14.2.jar:/workspace/m2-repository/com/fasterxml/jackson/core/jackson-databind/2.18.3/jackson-databind-2.18.3.jar:/workspace/m2-repository/com/fasterxml/jackson/core/jackson-annotations/2.18.3/jackson-annotations-2.18.3.jar:/workspace/m2-repository/com/fasterxml/jackson/core/jackson-core/2.18.3/jackson-core-2.18.3.jar:/workspace/m2-repository/org/springframework/boot/spring-boot-starter-security/3.4.4/spring-boot-starter-security-3.4.4.jar:/workspace/m2-repository/org/springframework/spring-aop/6.2.5/spring-aop-6.2.5.jar:/workspace/m2-repository/org/springframework/security/spring-security-config/6.4.4/spring-security-config-6.4.4.jar:/workspace/m2-repository/org/springframework/security/spring-security-web/6.4.4/spring-security-web-6.4.4.jar:/workspace/m2-repository/org/springframework/security/spring-security-oauth2-resource-server/6.4.4/spring-security-oauth2-resource-server-6.4.4.jar:/workspace/m2-repository/org/springframework/security/spring-security-core/6.4.4/spring-security-core-6.4.4.jar:/workspace/m2-repository/org/springframework/security/spring-security-crypto/6.4.4/spring-security-crypto-6.4.4.jar:/workspace/m2-repository/org/springframework/security/spring-security-oauth2-core/6.4.4/spring-security-oauth2-core-6.4.4.jar:/workspace/m2-repository/org/springframework/security/spring-security-oauth2-jose/6.4.4/spring-security-oauth2-jose-6.4.4.jar:/workspace/m2-repository/com/nimbusds/nimbus-jose-jwt/9.37.3/nimbus-jose-jwt-9.37.3.jar:/workspace/m2-repository/com/github/stephenc/jcip/jcip-annotations/1.0-1/jcip-annotations-1.0-1.jar:/workspace/m2-repository/io/github/cdimascio/dotenv-java/3.0.0/dotenv-java-3.0.0.jar:"/>
    <property name="sun.cpu.endian" value="little"/>
    <property name="user.home" value="/home/gitpod"/>
    <property name="user.language" value="en"/>
    <property name="java.specification.vendor" value="Oracle Corporation"/>
    <property name="java.version.date" value="2023-10-17"/>
    <property name="java.home" value="/home/gitpod/.sdkman/candidates/java/17.0.9-tem"/>
    <property name="file.separator" value="/"/>
    <property name="basedir" value="/workspace/Jenkis"/>
    <property name="java.vm.compressedOopsMode" value="Zero based"/>
    <property name="line.separator" value="&#10;"/>
    <property name="java.vm.specification.vendor" value="Oracle Corporation"/>
    <property name="java.specification.name" value="Java Platform API Specification"/>
    <property name="FILE_LOG_CHARSET" value="UTF-8"/>
    <property name="java.awt.headless" value="true"/>
    <property name="surefire.real.class.path" value="/workspace/Jenkis/target/surefire/surefirebooter-20250529202235606_3.jar"/>
    <property name="sun.management.compiler" value="HotSpot 64-Bit Tiered Compilers"/>
    <property name="java.runtime.version" value="17.0.9+9"/>
    <property name="user.name" value="gitpod"/>
    <property name="path.separator" value=":"/>
    <property name="os.version" value="6.1.139-0601139-generic"/>
    <property name="java.runtime.name" value="OpenJDK Runtime Environment"/>
    <property name="file.encoding" value="UTF-8"/>
    <property name="java.vm.name" value="OpenJDK 64-Bit Server VM"/>
    <property name="java.vendor.version" value="Temurin-17.0.9+9"/>
    <property name="localRepository" value="/workspace/m2-repository"/>
    <property name="java.vendor.url.bug" value="https://github.com/adoptium/adoptium-support/issues"/>
    <property name="java.io.tmpdir" value="/tmp"/>
    <property name="java.version" value="17.0.9"/>
    <property name="user.dir" value="/workspace/Jenkis"/>
    <property name="os.arch" value="amd64"/>
    <property name="java.vm.specification.name" value="Java Virtual Machine Specification"/>
    <property name="PID" value="64173"/>
    <property name="CONSOLE_LOG_CHARSET" value="UTF-8"/>
    <property name="native.encoding" value="UTF-8"/>
    <property name="java.library.path" value="/usr/java/packages/lib:/usr/lib64:/lib64:/lib:/usr/lib"/>
    <property name="java.vm.info" value="mixed mode, sharing"/>
    <property name="java.vendor" value="Eclipse Adoptium"/>
    <property name="java.vm.version" value="17.0.9+9"/>
    <property name="sun.io.unicode.encoding" value="UnicodeLittle"/>
    <property name="java.class.version" value="61.0"/>
  </properties>
  <testcase name="contextLoads" classname="pe.edu.vallegrande.workshop.WorkshopApplicationTests" time="0.83">
    <system-out><![CDATA[20:22:37.022 [main] INFO org.springframework.test.context.support.AnnotationConfigContextLoaderUtils -- Could not detect default configuration classes for test class [pe.edu.vallegrande.workshop.WorkshopApplicationTests]: WorkshopApplicationTests does not declare any static, non-private, non-final, nested classes annotated with @Configuration.
20:22:37.207 [main] INFO org.springframework.boot.test.context.SpringBootTestContextBootstrapper -- Found @SpringBootConfiguration pe.edu.vallegrande.workshop.WorkshopApplication for test class pe.edu.vallegrande.workshop.WorkshopApplicationTests

  .   ____          _            __ _ _
 /\\ / ___'_ __ _ _(_)_ __  __ _ \ \ \ \
( ( )\___ | '_ | '_| | '_ \/ _` | \ \ \ \
 \\/  ___)| |_)| | | | | || (_| |  ) ) ) )
  '  |____| .__|_| |_|_| |_\__, | / / / /
 =========|_|==============|___/=/_/_/_/

 :: Spring Boot ::                (v3.4.4)

2025-05-29T20:22:38.010Z  INFO 64173 --- [           main] p.e.v.workshop.WorkshopApplicationTests  : Starting WorkshopApplicationTests using Java 17.0.9 with PID 64173 (started by gitpod in /workspace/Jenkis)
2025-05-29T20:22:38.012Z  INFO 64173 --- [           main] p.e.v.workshop.WorkshopApplicationTests  : No active profile set, falling back to 1 default profile: "default"
2025-05-29T20:22:38.845Z  INFO 64173 --- [           main] .s.d.r.c.RepositoryConfigurationDelegate : Bootstrapping Spring Data R2DBC repositories in DEFAULT mode.
2025-05-29T20:22:39.031Z  INFO 64173 --- [           main] .s.d.r.c.RepositoryConfigurationDelegate : Finished Spring Data repository scanning in 176 ms. Found 1 R2DBC repository interface.
2025-05-29T20:22:41.201Z  INFO 64173 --- [           main] p.e.v.workshop.WorkshopApplicationTests  : Started WorkshopApplicationTests in 3.745 seconds (process running for 5.461)
]]></system-out>
  </testcase>
</testsuite>